mode: set
golang-2018-2/3/99_hw/coverage/client.go:67.80,70.19 2 1
golang-2018-2/3/99_hw/coverage/client.go:73.2,73.20 1 1
golang-2018-2/3/99_hw/coverage/client.go:76.2,76.20 1 1
golang-2018-2/3/99_hw/coverage/client.go:81.2,96.16 10 1
golang-2018-2/3/99_hw/coverage/client.go:102.2,105.25 3 1
golang-2018-2/3/99_hw/coverage/client.go:122.2,124.16 3 1
golang-2018-2/3/99_hw/coverage/client.go:128.2,129.28 2 1
golang-2018-2/3/99_hw/coverage/client.go:136.2,136.21 1 1
golang-2018-2/3/99_hw/coverage/client.go:70.19,72.3 1 1
golang-2018-2/3/99_hw/coverage/client.go:73.20,75.3 1 1
golang-2018-2/3/99_hw/coverage/client.go:76.20,78.3 1 1
golang-2018-2/3/99_hw/coverage/client.go:96.16,97.54 1 1
golang-2018-2/3/99_hw/coverage/client.go:100.3,100.50 1 1
golang-2018-2/3/99_hw/coverage/client.go:97.54,99.4 1 1
golang-2018-2/3/99_hw/coverage/client.go:106.31,107.44 1 1
golang-2018-2/3/99_hw/coverage/client.go:108.38,109.53 1 1
golang-2018-2/3/99_hw/coverage/client.go:110.29,113.17 3 1
golang-2018-2/3/99_hw/coverage/client.go:116.3,116.44 1 1
golang-2018-2/3/99_hw/coverage/client.go:119.3,119.73 1 1
golang-2018-2/3/99_hw/coverage/client.go:113.17,115.4 1 1
golang-2018-2/3/99_hw/coverage/client.go:116.44,118.4 1 1
golang-2018-2/3/99_hw/coverage/client.go:124.16,126.3 1 1
golang-2018-2/3/99_hw/coverage/client.go:129.28,132.3 2 1
golang-2018-2/3/99_hw/coverage/client.go:132.8,134.3 1 1
golang-2018-2/3/99_hw/coverage/server.go:41.98,44.17 2 1
golang-2018-2/3/99_hw/coverage/server.go:62.2,62.51 1 1
golang-2018-2/3/99_hw/coverage/server.go:98.2,98.48 1 1
golang-2018-2/3/99_hw/coverage/server.go:44.17,45.34 1 1
golang-2018-2/3/99_hw/coverage/server.go:51.3,51.25 1 1
golang-2018-2/3/99_hw/coverage/server.go:45.34,46.107 1 1
golang-2018-2/3/99_hw/coverage/server.go:46.107,48.5 1 1
golang-2018-2/3/99_hw/coverage/server.go:51.25,52.35 1 1
golang-2018-2/3/99_hw/coverage/server.go:52.35,54.5 1 1
golang-2018-2/3/99_hw/coverage/server.go:56.8,57.34 1 1
golang-2018-2/3/99_hw/coverage/server.go:57.34,59.4 1 1
golang-2018-2/3/99_hw/coverage/server.go:62.51,63.21 1 1
golang-2018-2/3/99_hw/coverage/server.go:95.3,95.23 1 1
golang-2018-2/3/99_hw/coverage/server.go:64.11,65.15 1 1
golang-2018-2/3/99_hw/coverage/server.go:66.15,67.21 1 1
golang-2018-2/3/99_hw/coverage/server.go:78.13,79.21 1 1
golang-2018-2/3/99_hw/coverage/server.go:86.14,87.21 1 1
golang-2018-2/3/99_hw/coverage/server.go:67.21,68.46 1 1
golang-2018-2/3/99_hw/coverage/server.go:71.5,71.25 1 1
golang-2018-2/3/99_hw/coverage/server.go:68.46,70.6 1 1
golang-2018-2/3/99_hw/coverage/server.go:72.10,72.27 1 1
golang-2018-2/3/99_hw/coverage/server.go:72.27,73.46 1 1
golang-2018-2/3/99_hw/coverage/server.go:76.5,76.25 1 1
golang-2018-2/3/99_hw/coverage/server.go:73.46,75.6 1 1
golang-2018-2/3/99_hw/coverage/server.go:79.21,80.46 1 1
golang-2018-2/3/99_hw/coverage/server.go:81.5,81.25 1 1
golang-2018-2/3/99_hw/coverage/server.go:80.46,80.88 1 1
golang-2018-2/3/99_hw/coverage/server.go:82.10,82.27 1 1
golang-2018-2/3/99_hw/coverage/server.go:82.27,83.46 1 1
golang-2018-2/3/99_hw/coverage/server.go:84.5,84.25 1 1
golang-2018-2/3/99_hw/coverage/server.go:83.46,83.88 1 1
golang-2018-2/3/99_hw/coverage/server.go:87.21,88.46 1 1
golang-2018-2/3/99_hw/coverage/server.go:89.5,89.25 1 1
golang-2018-2/3/99_hw/coverage/server.go:88.46,88.90 1 1
golang-2018-2/3/99_hw/coverage/server.go:90.10,90.27 1 1
golang-2018-2/3/99_hw/coverage/server.go:90.27,91.46 1 1
golang-2018-2/3/99_hw/coverage/server.go:92.5,92.25 1 1
golang-2018-2/3/99_hw/coverage/server.go:91.46,91.90 1 1
golang-2018-2/3/99_hw/coverage/server.go:103.49,104.73 1 1
golang-2018-2/3/99_hw/coverage/server.go:104.73,105.49 1 1
golang-2018-2/3/99_hw/coverage/server.go:105.49,109.18 4 1
golang-2018-2/3/99_hw/coverage/server.go:114.4,130.93 13 1
golang-2018-2/3/99_hw/coverage/server.go:109.18,112.5 2 1
golang-2018-2/3/99_hw/coverage/server.go:130.93,132.19 2 1
golang-2018-2/3/99_hw/coverage/server.go:140.5,140.29 1 1
golang-2018-2/3/99_hw/coverage/server.go:143.5,146.37 3 1
golang-2018-2/3/99_hw/coverage/server.go:156.5,160.24 4 1
golang-2018-2/3/99_hw/coverage/server.go:132.19,138.6 5 1
golang-2018-2/3/99_hw/coverage/server.go:140.29,142.6 1 1
golang-2018-2/3/99_hw/coverage/server.go:146.37,154.6 6 1
golang-2018-2/3/99_hw/coverage/server.go:161.10,167.5 5 1
golang-2018-2/3/99_hw/coverage/server.go:169.9,172.4 2 1
